<?xml version="1.0" encoding="UTF-8"?>
<!-- Generated by org.testng.reporters.JUnitReportReporter -->
<testsuite hostname="DESKTOP-NNGQNDK" failures="0" tests="3" name="com.sgtesting.parametrization.LoginDemo" time="0.009" errors="0" timestamp="2022-07-23T14:03:36 IST" skipped="0">
  <testcase classname="com.sgtesting.parametrization.LoginDemo" name="login" time="0.006"/>
  <system-out/>
  <testcase classname="com.sgtesting.parametrization.LoginDemo" name="login" time="0.002"/>
  <system-out/>
  <testcase classname="com.sgtesting.parametrization.LoginDemo" name="login" time="0.001"/>
  <system-out/>
</testsuite> <!-- com.sgtesting.parametrization.LoginDemo -->
