<?xml version="1.0" encoding="UTF-8"?>
<!-- Generated by org.testng.reporters.JUnitReportReporter -->
<testsuite hostname="DESKTOP-NNGQNDK" failures="0" tests="2" name="com.sgtesting.hardassertions.AssertEqualsDemo" time="0.009" errors="0" timestamp="2022-07-25T08:11:11 IST" skipped="1">
  <testcase classname="com.sgtesting.hardassertions.AssertEqualsDemo" name="assertNotEqualsDemo1" time="0.009"/>
  <system-out/>
  <testcase classname="com.sgtesting.hardassertions.AssertEqualsDemo" name="assertEqualsDemo1">
    <skipped/>
  </testcase> <!-- assertEqualsDemo1 -->
  <system-out/>
</testsuite> <!-- com.sgtesting.hardassertions.AssertEqualsDemo -->
