<?xml version="1.0" encoding="UTF-8"?>
<!-- Generated by org.testng.reporters.JUnitReportReporter -->
<testsuite hostname="DESKTOP-NNGQNDK" failures="0" tests="2" name="com.sgtesting.softassertion.AssertSameDemo" time="0.012" errors="0" timestamp="2022-07-25T09:13:17 IST" skipped="1">
  <testcase classname="com.sgtesting.softassertion.AssertSameDemo" name="assertNotSameDemo1" time="0.012"/>
  <system-out/>
  <testcase classname="com.sgtesting.softassertion.AssertSameDemo" name="assertSameDemo1">
    <skipped/>
  </testcase> <!-- assertSameDemo1 -->
  <system-out/>
</testsuite> <!-- com.sgtesting.softassertion.AssertSameDemo -->
