<?xml version="1.0" encoding="UTF-8"?>
<!-- Generated by org.testng.reporters.JUnitReportReporter -->
<testsuite hostname="DESKTOP-NNGQNDK" failures="0" tests="2" name="com.sgtesting.hardassertions.AssertTrueDemo" time="0.010" errors="0" timestamp="2022-07-25T08:14:45 IST" skipped="1">
  <testcase classname="com.sgtesting.hardassertions.AssertTrueDemo" name="assertFalseDemo1" time="0.010"/>
  <system-out/>
  <testcase classname="com.sgtesting.hardassertions.AssertTrueDemo" name="assertTrueDemo1">
    <skipped/>
  </testcase> <!-- assertTrueDemo1 -->
  <system-out/>
</testsuite> <!-- com.sgtesting.hardassertions.AssertTrueDemo -->
