<?xml version="1.0" encoding="UTF-8"?>
<!-- Generated by org.testng.reporters.JUnitReportReporter -->
<testsuite hostname="DESKTOP-NNGQNDK" failures="0" tests="3" name="com.sgtesting.conditions.Users" time="0.005" errors="0" timestamp="2022-07-23T11:29:55 IST" skipped="1">
  <testcase classname="com.sgtesting.conditions.Users" name="createUser" time="0.004"/>
  <system-out/>
  <testcase classname="com.sgtesting.conditions.Users" name="deleteUser" time="0.001"/>
  <system-out/>
  <testcase classname="com.sgtesting.conditions.Users" name="modifyUser">
    <skipped/>
  </testcase> <!-- modifyUser -->
  <system-out/>
</testsuite> <!-- com.sgtesting.conditions.Users -->
