<?xml version="1.0" encoding="UTF-8"?>
<!-- Generated by org.testng.reporters.JUnitReportReporter -->
<testsuite hostname="DESKTOP-NNGQNDK" failures="0" tests="3" name="com.sgtesting.conditions.Products" time="0.006" errors="0" timestamp="2022-07-23T11:24:23 IST" skipped="0">
  <testcase classname="com.sgtesting.conditions.Products" name="createProduct" time="0.004"/>
  <system-out/>
  <testcase classname="com.sgtesting.conditions.Products" name="deleteProduct" time="0.001"/>
  <system-out/>
  <testcase classname="com.sgtesting.conditions.Products" name="modifyProduct" time="0.001"/>
  <system-out/>
</testsuite> <!-- com.sgtesting.conditions.Products -->
