<?xml version="1.0" encoding="UTF-8"?>
<!-- Generated by org.testng.reporters.JUnitReportReporter -->
<testsuite hostname="DESKTOP-NNGQNDK" failures="0" tests="3" name="com.sgtesting.parametrization.Users" time="0.006" errors="0" timestamp="2022-07-23T13:50:24 IST" skipped="0">
  <testcase classname="com.sgtesting.parametrization.Users" name="createUser" time="0.004"/>
  <system-out/>
  <testcase classname="com.sgtesting.parametrization.Users" name="deleteUser" time="0.001"/>
  <system-out/>
  <testcase classname="com.sgtesting.parametrization.Users" name="modifyUser" time="0.001"/>
  <system-out/>
</testsuite> <!-- com.sgtesting.parametrization.Users -->
