<?xml version="1.0" encoding="UTF-8"?>
<!-- Generated by org.testng.reporters.JUnitReportReporter -->
<testsuite hostname="DESKTOP-NNGQNDK" failures="0" tests="2" name="com.sgtesting.softassertion.AssertNullDemo" time="0.013" errors="0" timestamp="2022-07-25T09:12:19 IST" skipped="1">
  <testcase classname="com.sgtesting.softassertion.AssertNullDemo" name="assertNotNullDemo1" time="0.013"/>
  <system-out/>
  <testcase classname="com.sgtesting.softassertion.AssertNullDemo" name="assertNullDemo1">
    <skipped/>
  </testcase> <!-- assertNullDemo1 -->
  <system-out/>
</testsuite> <!-- com.sgtesting.softassertion.AssertNullDemo -->
